0 info it worked if it ends with ok
1 verbose cli [ '/usr/local/Cellar/node@6/6.11.0/bin/node',
1 verbose cli   '/usr/local/bin/npm',
1 verbose cli   'run',
1 verbose cli   'test' ]
2 info using npm@3.10.10
3 info using node@v6.11.0
4 verbose run-script [ 'pretest', 'test', 'posttest' ]
5 info lifecycle build-apis-project-3-reddit@0.1.0~pretest: build-apis-project-3-reddit@0.1.0
6 silly lifecycle build-apis-project-3-reddit@0.1.0~pretest: no script for pretest, continuing
7 info lifecycle build-apis-project-3-reddit@0.1.0~test: build-apis-project-3-reddit@0.1.0
8 verbose lifecycle build-apis-project-3-reddit@0.1.0~test: unsafe-perm in lifecycle true
9 verbose lifecycle build-apis-project-3-reddit@0.1.0~test: PATH: /usr/local/lib/node_modules/npm/bin/node-gyp-bin:/Users/Werewolfe/Desktop/project-3-the-scoop/node_modules/.bin:/usr/local/Cellar/node@6/6.11.0/bin:/usr/local/opt/node@6/bin:/usr/local/bin:/usr/bin:/bin:/usr/sbin:/sbin:/Library/Frameworks/Mono.framework/Versions/Current/Commands
10 verbose lifecycle build-apis-project-3-reddit@0.1.0~test: CWD: /Users/Werewolfe/Desktop/project-3-the-scoop
11 silly lifecycle build-apis-project-3-reddit@0.1.0~test: Args: [ '-c', 'mocha' ]
12 silly lifecycle build-apis-project-3-reddit@0.1.0~test: Returned: code: 7  signal: null
13 info lifecycle build-apis-project-3-reddit@0.1.0~test: Failed to exec test script
14 verbose stack Error: build-apis-project-3-reddit@0.1.0 test: `mocha`
14 verbose stack Exit status 7
14 verbose stack     at EventEmitter.<anonymous> (/usr/local/lib/node_modules/npm/lib/utils/lifecycle.js:255:16)
14 verbose stack     at emitTwo (events.js:106:13)
14 verbose stack     at EventEmitter.emit (events.js:191:7)
14 verbose stack     at ChildProcess.<anonymous> (/usr/local/lib/node_modules/npm/lib/utils/spawn.js:40:14)
14 verbose stack     at emitTwo (events.js:106:13)
14 verbose stack     at ChildProcess.emit (events.js:191:7)
14 verbose stack     at maybeClose (internal/child_process.js:891:16)
14 verbose stack     at Process.ChildProcess._handle.onexit (internal/child_process.js:226:5)
15 verbose pkgid build-apis-project-3-reddit@0.1.0
16 verbose cwd /Users/Werewolfe/Desktop/project-3-the-scoop
17 error Darwin 16.7.0
18 error argv "/usr/local/Cellar/node@6/6.11.0/bin/node" "/usr/local/bin/npm" "run" "test"
19 error node v6.11.0
20 error npm  v3.10.10
21 error code ELIFECYCLE
22 error build-apis-project-3-reddit@0.1.0 test: `mocha`
22 error Exit status 7
23 error Failed at the build-apis-project-3-reddit@0.1.0 test script 'mocha'.
23 error Make sure you have the latest version of node.js and npm installed.
23 error If you do, this is most likely a problem with the build-apis-project-3-reddit package,
23 error not with npm itself.
23 error Tell the author that this fails on your system:
23 error     mocha
23 error You can get information on how to open an issue for this project with:
23 error     npm bugs build-apis-project-3-reddit
23 error Or if that isn't available, you can get their info via:
23 error     npm owner ls build-apis-project-3-reddit
23 error There is likely additional logging output above.
24 verbose exit [ 1, true ]
